#
# There is insufficient memory for the Java Runtime Environment to continue.
# Native memory allocation (malloc) failed to allocate 32744 bytes for ChunkPool::allocate
# Possible reasons:
#   The system is out of physical RAM or swap space
#   In 32 bit mode, the process size limit was hit
# Possible solutions:
#   Reduce memory load on the system
#   Increase physical memory or swap space
#   Check if swap backing store is full
#   Use 64 bit Java on a 64 bit OS
#   Decrease Java heap size (-Xmx/-Xms)
#   Decrease number of Java threads
#   Decrease Java thread stack sizes (-Xss)
#   Set larger code cache with -XX:ReservedCodeCacheSize=
# This output file may be truncated or incomplete.
#
#  Out of Memory Error (allocation.cpp:273), pid=20712, tid=26012
#
# JRE version: Java(TM) SE Runtime Environment (8.0_31-b13) (build 1.8.0_31-b13)
# Java VM: Java HotSpot(TM) 64-Bit Server VM (25.31-b07 mixed mode windows-amd64 compressed oops)
# Failed to write core dump. Minidumps are not enabled by default on client versions of Windows
#

---------------  T H R E A D  ---------------

Current thread (0x0000000056b8c800):  JavaThread "C1 CompilerThread3" daemon [_thread_in_native, id=26012, stack(0x0000000058720000,0x0000000058820000)]

Stack: [0x0000000058720000,0x0000000058820000]
Native frames: (J=compiled Java code, j=interpreted, Vv=VM code, C=native code)
V  [jvm.dll+0x3169ba]


Current CompileTask:
C1:    134   23       3       java.io.DataInputStream::readUTF (501 bytes)


---------------  P R O C E S S  ---------------

Java Threads: ( => current thread )
  0x0000000056bc3800 JavaThread "Service Thread" daemon [_thread_blocked, id=26016, stack(0x0000000058870000,0x0000000058970000)]
=>0x0000000056b8c800 JavaThread "C1 CompilerThread3" daemon [_thread_in_native, id=26012, stack(0x0000000058720000,0x0000000058820000)]
  0x0000000056b7c000 JavaThread "C2 CompilerThread2" daemon [_thread_blocked, id=26008, stack(0x0000000058560000,0x0000000058660000)]
  0x0000000056b68000 JavaThread "C2 CompilerThread1" daemon [_thread_blocked, id=26004, stack(0x0000000058340000,0x0000000058440000)]
  0x0000000056b0f000 JavaThread "C2 CompilerThread0" daemon [_thread_blocked, id=26000, stack(0x0000000057b90000,0x0000000057c90000)]
  0x0000000056b1e800 JavaThread "Attach Listener" daemon [_thread_blocked, id=25996, stack(0x0000000058190000,0x0000000058290000)]
  0x0000000056b1e000 JavaThread "Signal Dispatcher" daemon [_thread_blocked, id=25992, stack(0x0000000058010000,0x0000000058110000)]
  0x0000000055a4b800 JavaThread "Finalizer" daemon [_thread_blocked, id=25824, stack(0x0000000057ee0000,0x0000000057fe0000)]
  0x0000000055a45800 JavaThread "Reference Handler" daemon [_thread_blocked, id=25816, stack(0x0000000057ce0000,0x0000000057de0000)]
  0x000000000256e800 JavaThread "main" [_thread_in_vm, id=25652, stack(0x00000000028d0000,0x00000000029d0000)]

Other Threads:
  0x0000000056ab2800 VMThread [stack: 0x0000000057a60000,0x0000000057b60000] [id=25812]
  0x0000000056bc7000 WatcherThread [stack: 0x0000000058ad0000,0x0000000058bd0000] [id=26020]

VM state:not at safepoint (normal execution)

VM Mutex/Monitor currently owned by a thread: None

Heap:
 PSYoungGen      total 38400K, used 2662K [0x00000000eab00000, 0x00000000ed580000, 0x0000000100000000)
  eden space 33280K, 8% used [0x00000000eab00000,0x00000000ead99b00,0x00000000ecb80000)
  from space 5120K, 0% used [0x00000000ed080000,0x00000000ed080000,0x00000000ed580000)
  to   space 5120K, 0% used [0x00000000ecb80000,0x00000000ecb80000,0x00000000ed080000)
 ParOldGen       total 87552K, used 0K [0x00000000c0000000, 0x00000000c5580000, 0x00000000eab00000)
  object space 87552K, 0% used [0x00000000c0000000,0x00000000c0000000,0x00000000c5580000)
 Metaspace       used 2791K, capacity 4480K, committed 4480K, reserved 1056768K
  class space    used 301K, capacity 384K, committed 384K, reserved 1048576K

Card table byte_map: [0x0000000011d90000,0x0000000011fa0000] byte_map_base: 0x0000000011790000

Marking Bits: (ParMarkBitMap*) 0x0000000061c9d4f0
 Begin Bits: [0x0000000012e60000, 0x0000000013e60000)
 End Bits:   [0x0000000013e60000, 0x0000000014e60000)

Polling page: 0x0000000000330000

CodeCache: size=245760Kb used=1096Kb max_used=1096Kb free=244663Kb
 bounds [0x00000000029d0000, 0x0000000002c40000, 0x00000000119d0000]
 total_blobs=261 nmethods=20 adapters=156
 compilation: enabled

Compilation events (10 events):
Event: 0.093 Thread 0x0000000056b8c800 nmethod 17 0x0000000002adfe10 code [0x0000000002adffa0, 0x0000000002ae0488]
Event: 0.093 Thread 0x0000000056b8c800   16       3       java.io.WinNTFileSystem::isSlash (18 bytes)
Event: 0.093 Thread 0x0000000056b8c800 nmethod 16 0x0000000002adfa50 code [0x0000000002adfba0, 0x0000000002adfd90]
Event: 0.093 Thread 0x0000000056b8c800   15       3       java.lang.StringBuilder::append (8 bytes)
Event: 0.093 Thread 0x0000000056b8c800 nmethod 15 0x0000000002adf390 code [0x0000000002adf500, 0x0000000002adf868]
Event: 0.124 Thread 0x0000000056b8c800   19       3       java.lang.AbstractStringBuilder::append (50 bytes)
Event: 0.125 Thread 0x0000000056b8c800 nmethod 19 0x0000000002ade510 code [0x0000000002ade6a0, 0x0000000002adeba8]
Event: 0.128 Thread 0x0000000056b8c800   20       3       java.util.Arrays::copyOfRange (63 bytes)
Event: 0.129 Thread 0x0000000056b8c800 nmethod 20 0x0000000002ae0b10 code [0x0000000002ae0d20, 0x0000000002ae17f8]
Event: 0.129 Thread 0x0000000056b8c800   23       3       java.io.DataInputStream::readUTF (501 bytes)

GC Heap History (0 events):
No events

Deoptimization events (0 events):
No events

Internal exceptions (3 events):
Event: 0.027 Thread 0x000000000256e800 Exception <a 'java/lang/NoSuchMethodError': Method sun.misc.Unsafe.defineClass(Ljava/lang/String;[BII)Ljava/lang/Class; name or signature does not match> (0x00000000eab121e0) thrown at [C:\workspace\8-2-build-windows-amd64-cygwin\jdk8u31\2394\hotspot\src\sÜs‚X¡L›?
Event: 0.027 Thread 0x000000000256e800 Exception <a 'java/lang/NoSuchMethodError': Method sun.misc.Unsafe.prefetchRead(Ljava/lang/Object;J)V name or signature does not match> (0x00000000eab12470) thrown at [C:\workspace\8-2-build-windows-amd64-cygwin\jdk8u31\2394\hotspot\src\share\vm\prims\jni.
Event: 0.091 Thread 0x000000000256e800 Exception <a 'java/security/PrivilegedActionException'> (0x00000000eac4f4d0) thrown at [C:\workspace\8-2-build-windows-amd64-cygwin\jdk8u31\2394\hotspot\src\share\vm\prims\jvm.cpp, line 1312]

Events (10 events):
Event: 0.126 loading class sun/util/calendar/ZoneInfo
Event: 0.126 loading class sun/util/calendar/ZoneInfo done
Event: 0.126 loading class sun/util/calendar/ZoneInfoFile
Event: 0.127 loading class sun/util/calendar/ZoneInfoFile done
Event: 0.127 loading class sun/util/calendar/ZoneInfoFile$1
Event: 0.127 loading class sun/util/calendar/ZoneInfoFile$1 done
Event: 0.127 loading class java/io/DataInputStream
Event: 0.127 loading class java/io/DataInput
Event: 0.127 loading class java/io/DataInput done
Event: 0.127 loading class java/io/DataInputStream done


Dynamic libraries:
0x000000013ff70000 - 0x000000013ffa4000 	C:\Program Files\Java\jdk1.8.0_31\bin\java.exe
0x0000000076f50000 - 0x00000000770fa000 	C:\Windows\SYSTEM32\ntdll.dll
0x0000000076ab0000 - 0x0000000076bcf000 	C:\Windows\system32\kernel32.dll
0x000007fefd580000 - 0x000007fefd5eb000 	C:\Windows\system32\KERNELBASE.dll
0x000007fefdb00000 - 0x000007fefdbdb000 	C:\Windows\system32\ADVAPI32.dll
0x000007fefd640000 - 0x000007fefd6df000 	C:\Windows\system32\msvcrt.dll
0x000007fefdae0000 - 0x000007fefdaff000 	C:\Windows\SYSTEM32\sechost.dll
0x000007fefebe0000 - 0x000007fefed0d000 	C:\Windows\system32\RPCRT4.dll
0x0000000076710000 - 0x000000007680a000 	C:\Windows\system32\USER32.dll
0x000007fefee20000 - 0x000007fefee87000 	C:\Windows\system32\GDI32.dll
0x000007fefee10000 - 0x000007fefee1e000 	C:\Windows\system32\LPK.dll
0x000007fefef30000 - 0x000007fefeffa000 	C:\Windows\system32\USP10.dll
0x000007fefbc50000 - 0x000007fefbe44000 	C:\Windows\WinSxS\amd64_microsoft.windows.common-controls_6595b64144ccf1df_6.0.7601.18837_none_fa3b1e3d17594757\COMCTL32.dll
0x000007fefee90000 - 0x000007fefef01000 	C:\Windows\system32\SHLWAPI.dll
0x000007fefdab0000 - 0x000007fefdade000 	C:\Windows\system32\IMM32.DLL
0x000007fefd7c0000 - 0x000007fefd8c9000 	C:\Windows\system32\MSCTF.dll
0x0000000073120000 - 0x00000000731f2000 	C:\Program Files\Java\jdk1.8.0_31\jre\bin\msvcr100.dll
0x00000000614c0000 - 0x0000000061d1a000 	C:\Program Files\Java\jdk1.8.0_31\jre\bin\server\jvm.dll
0x000007fef7e40000 - 0x000007fef7e49000 	C:\Windows\system32\WSOCK32.dll
0x000007fefd5f0000 - 0x000007fefd63d000 	C:\Windows\system32\WS2_32.dll
0x000007feff1c0000 - 0x000007feff1c8000 	C:\Windows\system32\NSI.dll
0x000007fefd3d0000 - 0x000007fefd40b000 	C:\Windows\system32\WINMM.dll
0x0000000077120000 - 0x0000000077127000 	C:\Windows\system32\PSAPI.DLL
0x0000000072b60000 - 0x0000000072b6f000 	C:\Program Files\Java\jdk1.8.0_31\jre\bin\verify.dll
0x00000000613b0000 - 0x00000000613d8000 	C:\Program Files\Java\jdk1.8.0_31\jre\bin\java.dll
0x00000000621f0000 - 0x0000000062206000 	C:\Program Files\Java\jdk1.8.0_31\jre\bin\zip.dll
0x000007fefdbe0000 - 0x000007fefe969000 	C:\Windows\system32\SHELL32.dll
0x000007fefe970000 - 0x000007fefeb73000 	C:\Windows\system32\ole32.dll
0x000007fefd180000 - 0x000007fefd18f000 	C:\Windows\system32\profapi.dll

VM Arguments:
jvm_args: -Djava.awt.headless=true -Xmx1024M -Dfile.encoding=GBK -Duser.country=CN -Duser.language=zh -Duser.variant 
java_command: com.android.dx.command.Main --dex --num-threads=4 --output E:\hotsandandroid0220r\Blink\app\build\intermediates\pre-dexed\debug\support-annotations-23.4.0_87f2aa8ea251fdff27698d06d7c6eed361a472fa.jar E:\ANDROIDENVIROMENT\ANDROID_DELELOPENVIROMENT\STUDIO_ENVIROMENT\sdk\extras\android\m2repository\com\android\support\support-annotations\23.4.0\support-annotations-23.4.0.jar
java_class_path (initial): E:\ANDROIDENVIROMENT\ANDROID_DELELOPENVIROMENT\STUDIO_ENVIROMENT\sdk\build-tools\24.0.1\lib\dx.jar
Launcher Type: SUN_STANDARD

Environment Variables:
JAVA_HOME=C:\Program Files\Java\jdk1.8.0_31
PATH=E:\ANDROIDENVIROMENT\ANDROID_DELELOPENVIROMENT\STUDIO_ENVIROMENT\sdk\platform-tools;E:\ANDROIDENVIROMENT\ANDROID_DELELOPENVIROMENT\STUDIO_ENVIROMENT\sdk\tools;C:\Program Files\Java\jdk1.8.0_31\bin;C:\ProgramData\Oracle\Java\javapath;C:\Windows\system32;C:\Windows;C:\Windows\System32\Wbem;C:\Windows\System32\WindowsPowerShell\v1.0\;C:\Program Files (x86)\Rational\common;C:\Program Files\nodejs\;C:\Users\Administrator\AppData\Local\Programs\Git\cmd;C:\Windows\system32\config\systemprofile\.dnx\bin;C:\Program Files\Microsoft DNX\Dnvm\;C:\Program Files\Microsoft SQL Server\130\Tools\Binn\;C:\Program Files\Microsoft SQL Server\120\Tools\Binn\;C:\Program Files (x86)\Windows Kits\10\Windows Performance Toolkit\;C:\Users\Administrator\AppData\Roaming\npm
USERNAME=Administrator
OS=Windows_NT
PROCESSOR_IDENTIFIER=Intel64 Family 6 Model 60 Stepping 3, GenuineIntel



---------------  S Y S T E M  ---------------

OS: Windows 7 , 64 bit Build 7601 Service Pack 1

CPU:total 8 (4 cores per cpu, 2 threads per core) family 6 model 60 stepping 3, cmov, cx8, fxsr, mmx, sse, sse2, sse3, ssse3, sse4.1, sse4.2, popcnt, avx, avx2, aes, clmul, erms, rtm, lzcnt, ht, tsc, tscinvbit, bmi1, bmi2

Memory: 4k page, physical 8286340k(1156652k free), swap 22592124k(4972k free)

vm_info: Java HotSpot(TM) 64-Bit Server VM (25.31-b07) for windows-amd64 JRE (1.8.0_31-b13), built on Dec 17 2014 21:00:28 by "java_re" with MS VC++ 10.0 (VS2010)

time: Mon Sep 12 16:28:45 2016
elapsed time: 0 seconds (0d 0h 0m 0s)

